<?xml version="1.0" encoding="UTF-8"?>
<!-- Generated by org.testng.reporters.JUnitXMLReporter -->
<testsuite hostname="DESKTOP-MFE7DE6" ignored="0" name="Test" tests="6" failures="0" timestamp="2021-02-21T23:24:19 IST" time="83.748" errors="0">
  <testcase name="destinationSetup" time="6.342" classname="page.HotelSearch"/>
  <testcase name="checkinDateSetUp" time="14.3" classname="page.HotelSearch"/>
  <testcase name="hotelSearchResult" time="19.28" classname="page.HotelSearch"/>
  <testcase name="validateSearchResult" time="0.194" classname="page.UpdateHotelSearchResult"/>
  <testcase name="updateLocation" time="8.869" classname="page.UpdateHotelSearchResult"/>
  <testcase name="validateUpdatedSearchResult" time="0.209" classname="page.UpdateHotelSearchResult"/>
</testsuite> <!-- Test -->
