<?xml version="1.0" encoding="UTF-8"?>
<testng-results skipped="0" failed="0" ignored="0" total="6" passed="6">
  <reporter-output>
  </reporter-output>
  <suite name="Suite" duration-ms="83748" started-at="2021-02-21T23:22:55 IST" finished-at="2021-02-21T23:24:19 IST">
    <groups>
    </groups>
    <test name="Test" duration-ms="83748" started-at="2021-02-21T23:22:55 IST" finished-at="2021-02-21T23:24:19 IST">
      <class name="page.UpdateHotelSearchResult">
        <test-method status="PASS" signature="validateSearchResult()[pri:0, instance:page.UpdateHotelSearchResult@33f88ab]" name="validateSearchResult" duration-ms="194" started-at="2021-02-21T23:24:01 IST" finished-at="2021-02-21T23:24:01 IST">
          <reporter-output>
          </reporter-output>
        </test-method> <!-- validateSearchResult -->
        <test-method status="PASS" signature="updateLocation()[pri:0, instance:page.UpdateHotelSearchResult@33f88ab]" name="updateLocation" duration-ms="8869" started-at="2021-02-21T23:24:01 IST" depends-on-methods="page.UpdateHotelSearchResult.validateSearchResult" finished-at="2021-02-21T23:24:10 IST">
          <reporter-output>
          </reporter-output>
        </test-method> <!-- updateLocation -->
        <test-method status="PASS" signature="validateUpdatedSearchResult()[pri:0, instance:page.UpdateHotelSearchResult@33f88ab]" name="validateUpdatedSearchResult" duration-ms="209" started-at="2021-02-21T23:24:10 IST" depends-on-methods="page.UpdateHotelSearchResult.updateLocation" finished-at="2021-02-21T23:24:10 IST">
          <reporter-output>
          </reporter-output>
        </test-method> <!-- validateUpdatedSearchResult -->
      </class> <!-- page.UpdateHotelSearchResult -->
      <class name="page.HotelSearch">
        <test-method status="PASS" signature="setup()[pri:0, instance:page.HotelSearch@2833cc44]" name="setup" is-config="true" duration-ms="25849" started-at="2021-02-21T23:22:55 IST" finished-at="2021-02-21T23:23:21 IST">
          <reporter-output>
          </reporter-output>
        </test-method> <!-- setup -->
        <test-method status="PASS" signature="destinationSetup()[pri:0, instance:page.HotelSearch@2833cc44]" name="destinationSetup" duration-ms="6342" started-at="2021-02-21T23:23:21 IST" description="This method validates the Search functionality" finished-at="2021-02-21T23:23:28 IST">
          <reporter-output>
          </reporter-output>
        </test-method> <!-- destinationSetup -->
        <test-method status="PASS" signature="checkinDateSetUp()[pri:0, instance:page.HotelSearch@2833cc44]" name="checkinDateSetUp" duration-ms="14300" started-at="2021-02-21T23:23:28 IST" depends-on-methods="page.HotelSearch.destinationSetup" finished-at="2021-02-21T23:23:42 IST">
          <reporter-output>
          </reporter-output>
        </test-method> <!-- checkinDateSetUp -->
        <test-method status="PASS" signature="hotelSearchResult()[pri:0, instance:page.HotelSearch@2833cc44]" name="hotelSearchResult" duration-ms="19280" started-at="2021-02-21T23:23:42 IST" depends-on-methods="page.HotelSearch.checkinDateSetUp" finished-at="2021-02-21T23:24:01 IST">
          <reporter-output>
          </reporter-output>
        </test-method> <!-- hotelSearchResult -->
        <test-method status="PASS" signature="quitSetUp()[pri:0, instance:page.HotelSearch@2833cc44]" name="quitSetUp" is-config="true" duration-ms="8296" started-at="2021-02-21T23:24:10 IST" finished-at="2021-02-21T23:24:19 IST">
          <reporter-output>
          </reporter-output>
        </test-method> <!-- quitSetUp -->
      </class> <!-- page.HotelSearch -->
    </test> <!-- Test -->
  </suite> <!-- Suite -->
</testng-results>
